<?xml version="1.0" encoding="UTF-8"?>
<!-- Generated by org.testng.reporters.JUnitReportReporter -->
<testsuite skipped="0" hostname="GREENVILLE" name="samples.SampleTest" tests="3" failures="0" timestamp="18 жовт. 2017 11:32:46 GMT" time="0.024" errors="0">
  <testcase name="first" time="0.022" classname="samples.SampleTest"/>
  <testcase name="second" time="0.000" classname="samples.SampleTest"/>
  <testcase name="third" time="0.002" classname="samples.SampleTest"/>
</testsuite> <!-- samples.SampleTest -->
